#-----------------------------------------------------------
# Vivado v2018.3 (64-bit)
# SW Build 2405991 on Thu Dec  6 23:38:27 MST 2018
# IP Build 2404404 on Fri Dec  7 01:43:56 MST 2018
# Start of session at: Mon Mar 13 23:06:18 2023
# Process ID: 4924
# Current directory: D:/VivadoProjects/decoder_bon1
# Command line: vivado.exe -gui_launcher_event rodinguilauncherevent5764 D:\VivadoProjects\decoder_bon1\decoder_bon1.xpr
# Log file: D:/VivadoProjects/decoder_bon1/vivado.log
# Journal file: D:/VivadoProjects/decoder_bon1\vivado.jou
#-----------------------------------------------------------
start_gui
open_project D:/VivadoProjects/decoder_bon1/decoder_bon1.xpr
Scanning sources...
Finished scanning sources
INFO: [IP_Flow 19-234] Refreshing IP repositories
INFO: [IP_Flow 19-1700] Loaded user IP repository 'd:/VivadoProjects/lib_SAP_2022_02_02'.
INFO: [IP_Flow 19-2313] Loaded Vivado IP repository 'D:/Programs/Vivado/Vivado/2018.3/data/ip'.
open_project: Time (s): cpu = 00:00:05 ; elapsed = 00:00:05 . Memory (MB): peak = 740.918 ; gain = 139.996
update_compile_order -fileset sources_1
open_run synth_1 -name synth_1
Design is defaulting to impl run constrset: constrs_1
Design is defaulting to synth run part: xc7a35tcpg236-1
INFO: [Netlist 29-17] Analyzing 5 Unisim elements for replacement
INFO: [Netlist 29-28] Unisim Transformation completed in 0 CPU seconds
INFO: [Project 1-479] Netlist was created with Vivado 2018.3
INFO: [Device 21-403] Loading part xc7a35tcpg236-1
INFO: [Project 1-570] Preparing netlist for logic optimization
Parsing XDC File [D:/VivadoProjects/decoder_bon1/decoder_bon1.srcs/constrs_1/new/decoder_schema.xdc]
WARNING: [Vivado 12-584] No ports matched 'LD0'. [D:/VivadoProjects/decoder_bon1/decoder_bon1.srcs/constrs_1/new/decoder_schema.xdc:56]
CRITICAL WARNING: [Common 17-55] 'set_property' expects at least one object. [D:/VivadoProjects/decoder_bon1/decoder_bon1.srcs/constrs_1/new/decoder_schema.xdc:56]
Resolution: If [get_<value>] was used to populate the object, check to make sure this command returns at least one valid object.
WARNING: [Vivado 12-584] No ports matched 'LD0'. [D:/VivadoProjects/decoder_bon1/decoder_bon1.srcs/constrs_1/new/decoder_schema.xdc:63]
CRITICAL WARNING: [Common 17-55] 'set_property' expects at least one object. [D:/VivadoProjects/decoder_bon1/decoder_bon1.srcs/constrs_1/new/decoder_schema.xdc:63]
Resolution: If [get_<value>] was used to populate the object, check to make sure this command returns at least one valid object.
Finished Parsing XDC File [D:/VivadoProjects/decoder_bon1/decoder_bon1.srcs/constrs_1/new/decoder_schema.xdc]
INFO: [Opt 31-138] Pushed 0 inverter(s) to 0 load pin(s).
Netlist sorting complete. Time (s): cpu = 00:00:00 ; elapsed = 00:00:00 . Memory (MB): peak = 1023.629 ; gain = 0.000
INFO: [Project 1-111] Unisim Transformation Summary:
No Unisim elements were transformed.

open_run: Time (s): cpu = 00:00:07 ; elapsed = 00:00:08 . Memory (MB): peak = 1155.047 ; gain = 359.629
save_project_as decoder_bon2 D:/VivadoProjects/decoder_bon2 -force
INFO: [IP_Flow 19-234] Refreshing IP repositories
INFO: [IP_Flow 19-1700] Loaded user IP repository 'd:/VivadoProjects/lib_SAP_2022_02_02'.
INFO: [IP_Flow 19-234] Refreshing IP repositories
INFO: [IP_Flow 19-1700] Loaded user IP repository 'd:/VivadoProjects/lib_SAP_2022_02_02'.
INFO: [IP_Flow 19-234] Refreshing IP repositories
INFO: [IP_Flow 19-1700] Loaded user IP repository 'd:/VivadoProjects/lib_SAP_2022_02_02'.
INFO: [IP_Flow 19-5107] Inferred bus interface 'reset' of definition 'xilinx.com:signal:reset:1.0' (from Xilinx Repository).
INFO: [IP_Flow 19-4728] Bus Interface 'reset': Added interface parameter 'POLARITY' with value 'ACTIVE_HIGH'.
INFO: [IP_Flow 19-234] Refreshing IP repositories
INFO: [IP_Flow 19-1700] Loaded user IP repository 'd:/VivadoProjects/lib_SAP_2022_02_02'.
exit
INFO: [Common 17-206] Exiting Vivado at Tue Mar 14 00:32:17 2023...
