#-----------------------------------------------------------
# Vivado v2018.3 (64-bit)
# SW Build 2405991 on Thu Dec  6 23:38:27 MST 2018
# IP Build 2404404 on Fri Dec  7 01:43:56 MST 2018
# Start of session at: Sun Mar  5 20:07:45 2023
# Process ID: 14260
# Current directory: D:/VivadoProjects/decoder
# Command line: vivado.exe -gui_launcher_event rodinguilauncherevent4944 D:\VivadoProjects\decoder\decoder.xpr
# Log file: D:/VivadoProjects/decoder/vivado.log
# Journal file: D:/VivadoProjects/decoder\vivado.jou
#-----------------------------------------------------------
start_gui
open_project D:/VivadoProjects/decoder/decoder.xpr
Scanning sources...
Finished scanning sources
INFO: [IP_Flow 19-234] Refreshing IP repositories
INFO: [IP_Flow 19-1704] No user IP repositories specified
INFO: [IP_Flow 19-2313] Loaded Vivado IP repository 'D:/Programs/Vivado/Vivado/2018.3/data/ip'.
update_compile_order -fileset sources_1
exit
INFO: [Common 17-206] Exiting Vivado at Sun Mar  5 20:08:38 2023...
