#-----------------------------------------------------------
# Vivado v2018.3 (64-bit)
# SW Build 2405991 on Thu Dec  6 23:38:27 MST 2018
# IP Build 2404404 on Fri Dec  7 01:43:56 MST 2018
# Start of session at: Mon Mar  6 22:20:19 2023
# Process ID: 7192
# Current directory: D:/VivadoProjects/decoder_schema
# Command line: vivado.exe -gui_launcher_event rodinguilauncherevent12036 D:\VivadoProjects\decoder_schema\decoder_schema.xpr
# Log file: D:/VivadoProjects/decoder_schema/vivado.log
# Journal file: D:/VivadoProjects/decoder_schema\vivado.jou
#-----------------------------------------------------------
start_gui
open_project D:/VivadoProjects/decoder_schema/decoder_schema.xpr
Scanning sources...
Finished scanning sources
INFO: [IP_Flow 19-234] Refreshing IP repositories
INFO: [IP_Flow 19-1700] Loaded user IP repository 'd:/VivadoProjects/lib_SAP_2022_02_02'.
INFO: [IP_Flow 19-2313] Loaded Vivado IP repository 'D:/Programs/Vivado/Vivado/2018.3/data/ip'.
open_project: Time (s): cpu = 00:00:04 ; elapsed = 00:00:05 . Memory (MB): peak = 748.000 ; gain = 132.883
update_compile_order -fileset sources_1
import_files -norecurse D:/VivadoProjects/decoder_mix/decoder_mix.srcs/sources_1/imports/Downloads/decoder_mix.vhd
update_compile_order -fileset sources_1
import_files -norecurse D:/VivadoProjects/decoder/decoder.srcs/sources_1/imports/Downloads/decoder_algebra.vhd
update_compile_order -fileset sources_1
import_files -force -norecurse D:/VivadoProjects/decoder/decoder.srcs/sources_1/imports/Downloads/decoder_algebra.vhd
update_compile_order -fileset sources_1
exit
INFO: [Common 17-206] Exiting Vivado at Mon Mar  6 22:26:54 2023...
