#-----------------------------------------------------------
# Vivado v2018.3 (64-bit)
# SW Build 2405991 on Thu Dec  6 23:38:27 MST 2018
# IP Build 2404404 on Fri Dec  7 01:43:56 MST 2018
# Start of session at: Mon Mar  6 13:31:40 2023
# Process ID: 5868
# Current directory: D:/VivadoProjects/decoder_schema
# Command line: vivado.exe -gui_launcher_event rodinguilauncherevent14560 D:\VivadoProjects\decoder_schema\decoder_schema.xpr
# Log file: D:/VivadoProjects/decoder_schema/vivado.log
# Journal file: D:/VivadoProjects/decoder_schema\vivado.jou
#-----------------------------------------------------------
start_gui
open_project D:/VivadoProjects/decoder_schema/decoder_schema.xpr
Scanning sources...
Finished scanning sources
INFO: [IP_Flow 19-234] Refreshing IP repositories
INFO: [IP_Flow 19-1700] Loaded user IP repository 'd:/VivadoProjects/lib_SAP_2022_02_02'.
INFO: [IP_Flow 19-2313] Loaded Vivado IP repository 'D:/Programs/Vivado/Vivado/2018.3/data/ip'.
open_project: Time (s): cpu = 00:00:12 ; elapsed = 00:00:19 . Memory (MB): peak = 719.453 ; gain = 145.230
update_compile_order -fileset sources_1
exit
INFO: [Common 17-206] Exiting Vivado at Mon Mar  6 13:40:50 2023...
2018.3/data/rsb/busdef/AXIMM/busdef.tcl} "
    (in namespace eval "::xilinx.com_ip_aximm_1.0" script line 1)
    invoked from within
"namespace eval ::xilinx.com_ip_aximm_1.0 { source -notrace {D:/Programs/Vivado/Vivado/2018.3/data/rsb/busdef/AXIMM/busdef.tcl} }"
ERROR: [BD 41-69] Error sourcing TCL script: 
    while executing
"source -notrace {D:/Programs/Vivado/Vivado/2018.3/data/rsb/busdef/clock_signal/busdef.tcl} "
    (in namespace eval "::xilinx.com_ip_clock_signal_1.0" script line 1)
    invoked from within
"namespace eval ::xilinx.com_ip_clock_signal_1.0 { source -notrace {D:/Programs/Vivado/Vivado/2018.3/data/rsb/busdef/clock_signal/busdef.tcl} }"
INFO: [Common 17-344] 'open_project' was cancelled
exit
INFO: [Common 17-206] Exiting Vivado at Mon Mar  6 13:40:46 2023...
